2023-03-22 02:38:08,989 django.utils.autoreload INFO     Watching for file changes with StatReloader
2023-03-22 02:40:13,127 django.utils.autoreload INFO     Watching for file changes with StatReloader
2023-03-22 02:41:02,085 django.utils.autoreload INFO     /app/envebackend/settings/base.py changed, reloading.
2023-03-22 02:41:02,467 django.utils.autoreload INFO     Watching for file changes with StatReloader
2023-03-22 02:41:17,187 django.utils.autoreload INFO     Watching for file changes with StatReloader
2023-03-22 02:41:43,617 django.utils.autoreload INFO     Watching for file changes with StatReloader
2023-03-22 02:42:08,757 django.utils.autoreload INFO     /app/envebackend/settings/base.py changed, reloading.
2023-03-22 02:48:27,458 django.utils.autoreload INFO     Watching for file changes with StatReloader
2023-03-22 02:51:17,417 django.utils.autoreload INFO     Watching for file changes with StatReloader
2023-03-22 02:51:39,389 django.request ERROR    Internal Server Error: /
Traceback (most recent call last):
  File "/Users/ehernandep/Documents/Grid_app/lib/python3.8/site-packages/django/core/handlers/exception.py", line 47, in inner
    response = get_response(request)
  File "/Users/ehernandep/Documents/Grid_app/lib/python3.8/site-packages/django/utils/deprecation.py", line 116, in __call__
    response = self.process_request(request)
  File "/Users/ehernandep/Documents/Grid_app/lib/python3.8/site-packages/django/middleware/common.py", line 48, in process_request
    host = request.get_host()
  File "/Users/ehernandep/Documents/Grid_app/lib/python3.8/site-packages/django/http/request.py", line 141, in get_host
    if domain and validate_host(domain, allowed_hosts):
  File "/Users/ehernandep/Documents/Grid_app/lib/python3.8/site-packages/django/http/request.py", line 691, in validate_host
    return any(pattern == '*' or is_same_domain(host, pattern) for pattern in allowed_hosts)
  File "/Users/ehernandep/Documents/Grid_app/lib/python3.8/site-packages/django/http/request.py", line 691, in <genexpr>
    return any(pattern == '*' or is_same_domain(host, pattern) for pattern in allowed_hosts)
  File "/Users/ehernandep/Documents/Grid_app/lib/python3.8/site-packages/django/utils/http.py", line 292, in is_same_domain
    pattern = pattern.lower()
AttributeError: 'list' object has no attribute 'lower'
2023-03-22 02:51:39,513 django.request ERROR    Internal Server Error: /favicon.ico
Traceback (most recent call last):
  File "/Users/ehernandep/Documents/Grid_app/lib/python3.8/site-packages/django/core/handlers/exception.py", line 47, in inner
    response = get_response(request)
  File "/Users/ehernandep/Documents/Grid_app/lib/python3.8/site-packages/django/utils/deprecation.py", line 116, in __call__
    response = self.process_request(request)
  File "/Users/ehernandep/Documents/Grid_app/lib/python3.8/site-packages/django/middleware/common.py", line 48, in process_request
    host = request.get_host()
  File "/Users/ehernandep/Documents/Grid_app/lib/python3.8/site-packages/django/http/request.py", line 141, in get_host
    if domain and validate_host(domain, allowed_hosts):
  File "/Users/ehernandep/Documents/Grid_app/lib/python3.8/site-packages/django/http/request.py", line 691, in validate_host
    return any(pattern == '*' or is_same_domain(host, pattern) for pattern in allowed_hosts)
  File "/Users/ehernandep/Documents/Grid_app/lib/python3.8/site-packages/django/http/request.py", line 691, in <genexpr>
    return any(pattern == '*' or is_same_domain(host, pattern) for pattern in allowed_hosts)
  File "/Users/ehernandep/Documents/Grid_app/lib/python3.8/site-packages/django/utils/http.py", line 292, in is_same_domain
    pattern = pattern.lower()
AttributeError: 'list' object has no attribute 'lower'
2023-03-22 02:54:46,919 django.utils.autoreload INFO     /Users/ehernandep/Documents/Grid_app/Backend_enve/envebackend/envebackend/settings/base.py changed, reloading.
2023-03-22 02:54:47,548 django.utils.autoreload INFO     Watching for file changes with StatReloader
2023-03-22 02:54:51,776 django.request WARNING  Not Found: /
2023-03-22 02:54:51,816 django.request WARNING  Not Found: /favicon.ico
2023-03-22 02:55:10,719 django.request WARNING  Not Found: /admin
